= Start
@ /lib/x86_64-linux-gnu/libc.so.6:[0x2ba7a3e95fdd] + 0x1039460 0x238
@ /lib/x86_64-linux-gnu/libc.so.6:[0x2ba7a3e95fdd] + 0x10396a0 0x238
@ ./shark3:[0x401663] + 0x10398e0 0x28
@ ./shark3:[0x400d03] + 0x1039910 0x20
@ ./shark3:[0x400d45] + 0x1039940 0xa0
@ ./shark3:[0x400d8d] + 0x10399f0 0xa0
@ ./shark3:[0x400de5] + 0x1039aa0 0xa0
@ ./shark3:[0x400ed8] + 0x1039b50 0x78
@ ./shark3:[0x400f00] + 0x1039bd0 0x78
@ ./shark3:[0x400f28] + 0x1039c50 0x78
@ ./shark3:[0x400ed8] + 0x1039cd0 0x78
@ ./shark3:[0x400f00] + 0x1039d50 0x78
@ ./shark3:[0x400f28] + 0x1039dd0 0x78
@ ./shark3:[0x400ed8] + 0x1039e50 0x78
@ ./shark3:[0x400f00] + 0x1039ed0 0x78
@ ./shark3:[0x400f28] + 0x1039f50 0x78
@ ./shark3:[0x400ed8] + 0x1039fd0 0x78
@ ./shark3:[0x400f00] + 0x103a050 0x78
@ ./shark3:[0x400f28] + 0x103a0d0 0x78
@ ./shark3:[0x400ed8] + 0x103a150 0x78
@ ./shark3:[0x400f00] + 0x103a1d0 0x78
@ ./shark3:[0x400f28] + 0x103a250 0x78
@ ./shark3:[0x400ed8] + 0x103a2d0 0x78
@ ./shark3:[0x400f00] + 0x103a350 0x78
@ ./shark3:[0x400f28] + 0x103a3d0 0x78
@ ./shark3:[0x400ed8] + 0x103a450 0x78
@ ./shark3:[0x400f00] + 0x103a4d0 0x78
@ ./shark3:[0x400f28] + 0x103a550 0x78
@ ./shark3:[0x400ed8] + 0x103a5d0 0x78
@ ./shark3:[0x400f00] + 0x103a650 0x78
@ ./shark3:[0x400f28] + 0x103a6d0 0x78
@ ./shark3:[0x400ed8] + 0x103a750 0x78
@ ./shark3:[0x400f00] + 0x103a7d0 0x78
@ ./shark3:[0x400f28] + 0x103a850 0x78
@ ./shark3:[0x400ed8] + 0x103a8d0 0x78
@ ./shark3:[0x400f00] + 0x103a950 0x78
@ ./shark3:[0x400f28] + 0x103a9d0 0x78
@ ./shark3:[0x400ed8] + 0x103aa50 0x78
@ ./shark3:[0x400f00] + 0x103aad0 0x78
@ ./shark3:[0x400f28] + 0x103ab50 0x78
@ ./shark3:[0x400ed8] + 0x103abd0 0x78
@ ./shark3:[0x400f00] + 0x103ac50 0x78
@ ./shark3:[0x400f28] + 0x103acd0 0x78
@ ./shark3:[0x400ed8] + 0x103ad50 0x78
@ ./shark3:[0x400f00] + 0x103add0 0x78
@ ./shark3:[0x400f28] + 0x103ae50 0x78
@ ./shark3:[0x400ed8] + 0x103aed0 0x78
@ ./shark3:[0x400f00] + 0x103af50 0x78
@ ./shark3:[0x400f28] + 0x103afd0 0x78
@ ./shark3:[0x400ed8] + 0x103b050 0x78
@ ./shark3:[0x400f00] + 0x103b0d0 0x78
@ ./shark3:[0x400f28] + 0x103b150 0x78
@ ./shark3:[0x400ed8] + 0x103b1d0 0x78
@ ./shark3:[0x400f00] + 0x103b250 0x78
@ ./shark3:[0x400f28] + 0x103b2d0 0x78
@ ./shark3:[0x400ed8] + 0x103b350 0x78
@ ./shark3:[0x400f00] + 0x103b3d0 0x78
@ ./shark3:[0x400f28] + 0x103b450 0x78
@ ./shark3:[0x400ed8] + 0x103b4d0 0x78
@ ./shark3:[0x400f00] + 0x103b550 0x78
@ ./shark3:[0x400f28] + 0x103b5d0 0x78
@ ./shark3:[0x400ed8] + 0x103b650 0x78
@ ./shark3:[0x400f00] + 0x103b6d0 0x78
@ ./shark3:[0x400f28] + 0x103b750 0x78
@ ./shark3:[0x400ed8] + 0x103b7d0 0x78
@ ./shark3:[0x400f00] + 0x103b850 0x78
@ ./shark3:[0x400f28] + 0x103b8d0 0x78
@ /lib/x86_64-linux-gnu/libc.so.6:(fclose+0x155)[0x2ba7a3e95675] - 0x1039460
@ /lib/x86_64-linux-gnu/libc.so.6:(fclose+0x155)[0x2ba7a3e95675] - 0x10396a0
@ ./shark3:[0x403230] + 0x1039460 0xa0
@ ./shark3:[0x40327f] + 0x1039510 0x78
@ ./shark3:[0x40327f] + 0x1039590 0x78
@ ./shark3:[0x40327f] + 0x1039610 0x78
@ ./shark3:[0x40327f] + 0x1039690 0x78
@ ./shark3:[0x40327f] + 0x1039710 0x78
@ ./shark3:[0x40327f] + 0x1039790 0x78
@ ./shark3:[0x40327f] + 0x1039810 0x78
@ ./shark3:[0x40327f] + 0x103b950 0x78
@ ./shark3:[0x40327f] + 0x103b9d0 0x78
@ ./shark3:[0x40327f] + 0x103ba50 0x78
@ ./shark3:[0x40327f] + 0x103bad0 0x78
@ ./shark3:[0x40327f] + 0x103bb50 0x78
@ ./shark3:[0x40327f] + 0x103bbd0 0x78
@ ./shark3:[0x40327f] + 0x103bc50 0x78
@ ./shark3:[0x40327f] + 0x103bcd0 0x78
@ ./shark3:[0x40327f] + 0x103bd50 0x78
@ ./shark3:[0x40327f] + 0x103bdd0 0x78
@ ./shark3:[0x40327f] + 0x103be50 0x78
@ ./shark3:[0x40327f] + 0x103bed0 0x78
@ ./shark3:[0x40327f] + 0x103bf50 0x78
@ ./shark3:[0x4031b9] - 0x1039510
@ ./shark3:[0x4031b9] - 0x1039590
@ ./shark3:[0x4031b9] - 0x1039610
@ ./shark3:[0x4031b9] - 0x1039690
@ ./shark3:[0x4031b9] - 0x1039710
@ ./shark3:[0x4031b9] - 0x1039790
@ ./shark3:[0x4031b9] - 0x1039810
@ ./shark3:[0x4031b9] - 0x103b950
@ ./shark3:[0x4031b9] - 0x103b9d0
@ ./shark3:[0x4031b9] - 0x103ba50
@ ./shark3:[0x4031b9] - 0x103bad0
@ ./shark3:[0x4031b9] - 0x103bb50
@ ./shark3:[0x4031b9] - 0x103bbd0
@ ./shark3:[0x4031b9] - 0x103bc50
@ ./shark3:[0x4031b9] - 0x103bcd0
@ ./shark3:[0x4031b9] - 0x103bd50
@ ./shark3:[0x4031b9] - 0x103bdd0
@ ./shark3:[0x4031b9] - 0x103be50
@ ./shark3:[0x4031b9] - 0x103bed0
@ ./shark3:[0x4031b9] - 0x103bf50
@ ./shark3:[0x4031d1] - 0x1039460
@ ./shark3:[0x403230] + 0x1039460 0xa0
@ ./shark3:[0x40327f] + 0x103bf50 0x78
@ ./shark3:[0x40327f] + 0x103bed0 0x78
@ ./shark3:[0x40327f] + 0x103be50 0x78
@ ./shark3:[0x40327f] + 0x103bdd0 0x78
@ ./shark3:[0x40327f] + 0x103bd50 0x78
@ ./shark3:[0x40327f] + 0x103bcd0 0x78
@ ./shark3:[0x40327f] + 0x103bc50 0x78
@ ./shark3:[0x40327f] + 0x103bbd0 0x78
@ ./shark3:[0x40327f] + 0x103bb50 0x78
@ ./shark3:[0x40327f] + 0x103bad0 0x78
@ ./shark3:[0x40327f] + 0x103ba50 0x78
@ ./shark3:[0x40327f] + 0x103b9d0 0x78
@ ./shark3:[0x40327f] + 0x103b950 0x78
@ ./shark3:[0x40327f] + 0x1039810 0x78
@ ./shark3:[0x40327f] + 0x1039790 0x78
@ ./shark3:[0x40327f] + 0x1039710 0x78
@ ./shark3:[0x40327f] + 0x1039690 0x78
@ ./shark3:[0x40327f] + 0x1039610 0x78
@ ./shark3:[0x40327f] + 0x1039590 0x78
@ ./shark3:[0x40327f] + 0x1039510 0x78
@ ./shark3:[0x4031b9] - 0x103bf50
@ ./shark3:[0x4031b9] - 0x103bed0
@ ./shark3:[0x4031b9] - 0x103be50
@ ./shark3:[0x4031b9] - 0x103bdd0
@ ./shark3:[0x4031b9] - 0x103bd50
@ ./shark3:[0x4031b9] - 0x103bcd0
@ ./shark3:[0x4031b9] - 0x103bc50
@ ./shark3:[0x4031b9] - 0x103bbd0
@ ./shark3:[0x4031b9] - 0x103bb50
@ ./shark3:[0x4031b9] - 0x103bad0
@ ./shark3:[0x4031b9] - 0x103ba50
@ ./shark3:[0x4031b9] - 0x103b9d0
@ ./shark3:[0x4031b9] - 0x103b950
@ ./shark3:[0x4031b9] - 0x1039810
@ ./shark3:[0x4031b9] - 0x1039790
@ ./shark3:[0x4031b9] - 0x1039710
@ ./shark3:[0x4031b9] - 0x1039690
@ ./shark3:[0x4031b9] - 0x1039610
@ ./shark3:[0x4031b9] - 0x1039590
@ ./shark3:[0x4031b9] - 0x1039510
@ ./shark3:[0x4031d1] - 0x1039460
@ ./shark3:[0x403230] + 0x1039460 0xa0
@ ./shark3:[0x40327f] + 0x1039510 0x78
@ ./shark3:[0x40327f] + 0x1039590 0x78
@ ./shark3:[0x40327f] + 0x1039610 0x78
@ ./shark3:[0x40327f] + 0x1039690 0x78
@ ./shark3:[0x40327f] + 0x1039710 0x78
@ ./shark3:[0x40327f] + 0x1039790 0x78
@ ./shark3:[0x40327f] + 0x1039810 0x78
@ ./shark3:[0x40327f] + 0x103b950 0x78
@ ./shark3:[0x40327f] + 0x103b9d0 0x78
@ ./shark3:[0x40327f] + 0x103ba50 0x78
@ ./shark3:[0x40327f] + 0x103bad0 0x78
@ ./shark3:[0x40327f] + 0x103bb50 0x78
@ ./shark3:[0x40327f] + 0x103bbd0 0x78
@ ./shark3:[0x40327f] + 0x103bc50 0x78
@ ./shark3:[0x40327f] + 0x103bcd0 0x78
@ ./shark3:[0x40327f] + 0x103bd50 0x78
@ ./shark3:[0x40327f] + 0x103bdd0 0x78
@ ./shark3:[0x40327f] + 0x103be50 0x78
@ ./shark3:[0x40327f] + 0x103bed0 0x78
@ ./shark3:[0x40327f] + 0x103bf50 0x78
@ ./shark3:[0x4031b9] - 0x1039510
@ ./shark3:[0x4031b9] - 0x1039590
@ ./shark3:[0x4031b9] - 0x1039610
@ ./shark3:[0x4031b9] - 0x1039690
@ ./shark3:[0x4031b9] - 0x1039710
@ ./shark3:[0x4031b9] - 0x1039790
@ ./shark3:[0x4031b9] - 0x1039810
@ ./shark3:[0x4031b9] - 0x103b950
@ ./shark3:[0x4031b9] - 0x103b9d0
@ ./shark3:[0x4031b9] - 0x103ba50
@ ./shark3:[0x4031b9] - 0x103bad0
@ ./shark3:[0x4031b9] - 0x103bb50
@ ./shark3:[0x4031b9] - 0x103bbd0
@ ./shark3:[0x4031b9] - 0x103bc50
@ ./shark3:[0x4031b9] - 0x103bcd0
@ ./shark3:[0x4031b9] - 0x103bd50
@ ./shark3:[0x4031b9] - 0x103bdd0
@ ./shark3:[0x4031b9] - 0x103be50
@ ./shark3:[0x4031b9] - 0x103bed0
@ ./shark3:[0x4031b9] - 0x103bf50
@ ./shark3:[0x4031d1] - 0x1039460
@ ./shark3:[0x403230] + 0x1039460 0xa0
@ ./shark3:[0x40327f] + 0x103bf50 0x78
@ ./shark3:[0x40327f] + 0x103bed0 0x78
@ ./shark3:[0x40327f] + 0x103be50 0x78
@ ./shark3:[0x40327f] + 0x103bdd0 0x78
@ ./shark3:[0x40327f] + 0x103bd50 0x78
@ ./shark3:[0x40327f] + 0x103bcd0 0x78
@ ./shark3:[0x40327f] + 0x103bc50 0x78
@ ./shark3:[0x40327f] + 0x103bbd0 0x78
@ ./shark3:[0x40327f] + 0x103bb50 0x78
@ ./shark3:[0x40327f] + 0x103bad0 0x78
@ ./shark3:[0x40327f] + 0x103ba50 0x78
@ ./shark3:[0x40327f] + 0x103b9d0 0x78
@ ./shark3:[0x40327f] + 0x103b950 0x78
@ ./shark3:[0x40327f] + 0x1039810 0x78
@ ./shark3:[0x40327f] + 0x1039790 0x78
@ ./shark3:[0x40327f] + 0x1039710 0x78
@ ./shark3:[0x40327f] + 0x1039690 0x78
@ ./shark3:[0x40327f] + 0x1039610 0x78
@ ./shark3:[0x40327f] + 0x1039590 0x78
@ ./shark3:[0x40327f] + 0x1039510 0x78
@ ./shark3:[0x4031b9] - 0x103bf50
@ ./shark3:[0x4031b9] - 0x103bed0
@ ./shark3:[0x4031b9] - 0x103be50
@ ./shark3:[0x4031b9] - 0x103bdd0
@ ./shark3:[0x4031b9] - 0x103bd50
@ ./shark3:[0x4031b9] - 0x103bcd0
@ ./shark3:[0x4031b9] - 0x103bc50
@ ./shark3:[0x4031b9] - 0x103bbd0
@ ./shark3:[0x4031b9] - 0x103bb50
@ ./shark3:[0x4031b9] - 0x103bad0
@ ./shark3:[0x4031b9] - 0x103ba50
@ ./shark3:[0x4031b9] - 0x103b9d0
@ ./shark3:[0x4031b9] - 0x103b950
@ ./shark3:[0x4031b9] - 0x1039810
@ ./shark3:[0x4031b9] - 0x1039790
@ ./shark3:[0x4031b9] - 0x1039710
@ ./shark3:[0x4031b9] - 0x1039690
@ ./shark3:[0x4031b9] - 0x1039610
@ ./shark3:[0x4031b9] - 0x1039590
@ ./shark3:[0x4031b9] - 0x1039510
@ ./shark3:[0x4031d1] - 0x1039460
@ ./shark3:[0x403230] + 0x1039460 0xa0
@ ./shark3:[0x40327f] + 0x1039510 0x78
@ ./shark3:[0x40327f] + 0x1039590 0x78
@ ./shark3:[0x40327f] + 0x1039610 0x78
@ ./shark3:[0x40327f] + 0x1039690 0x78
@ ./shark3:[0x40327f] + 0x1039710 0x78
@ ./shark3:[0x40327f] + 0x1039790 0x78
@ ./shark3:[0x40327f] + 0x1039810 0x78
@ ./shark3:[0x40327f] + 0x103b950 0x78
@ ./shark3:[0x40327f] + 0x103b9d0 0x78
@ ./shark3:[0x40327f] + 0x103ba50 0x78
@ ./shark3:[0x40327f] + 0x103bad0 0x78
@ ./shark3:[0x40327f] + 0x103bb50 0x78
@ ./shark3:[0x40327f] + 0x103bbd0 0x78
@ ./shark3:[0x40327f] + 0x103bc50 0x78
@ ./shark3:[0x40327f] + 0x103bcd0 0x78
@ ./shark3:[0x40327f] + 0x103bd50 0x78
@ ./shark3:[0x40327f] + 0x103bdd0 0x78
@ ./shark3:[0x40327f] + 0x103be50 0x78
@ ./shark3:[0x40327f] + 0x103bed0 0x78
@ ./shark3:[0x40327f] + 0x103bf50 0x78
@ ./shark3:[0x4031b9] - 0x1039510
@ ./shark3:[0x4031b9] - 0x1039590
@ ./shark3:[0x4031b9] - 0x1039610
@ ./shark3:[0x4031b9] - 0x1039690
@ ./shark3:[0x4031b9] - 0x1039710
@ ./shark3:[0x4031b9] - 0x1039790
@ ./shark3:[0x4031b9] - 0x1039810
@ ./shark3:[0x4031b9] - 0x103b950
@ ./shark3:[0x4031b9] - 0x103b9d0
@ ./shark3:[0x4031b9] - 0x103ba50
@ ./shark3:[0x4031b9] - 0x103bad0
@ ./shark3:[0x4031b9] - 0x103bb50
@ ./shark3:[0x4031b9] - 0x103bbd0
@ ./shark3:[0x4031b9] - 0x103bc50
@ ./shark3:[0x4031b9] - 0x103bcd0
@ ./shark3:[0x4031b9] - 0x103bd50
@ ./shark3:[0x4031b9] - 0x103bdd0
@ ./shark3:[0x4031b9] - 0x103be50
@ ./shark3:[0x4031b9] - 0x103bed0
@ ./shark3:[0x4031b9] - 0x103bf50
@ ./shark3:[0x4031d1] - 0x1039460
@ ./shark3:[0x403230] + 0x1039460 0xa0
@ ./shark3:[0x40327f] + 0x103bf50 0x78
@ ./shark3:[0x40327f] + 0x103bed0 0x78
@ ./shark3:[0x40327f] + 0x103be50 0x78
@ ./shark3:[0x40327f] + 0x103bdd0 0x78
@ ./shark3:[0x40327f] + 0x103bd50 0x78
@ ./shark3:[0x40327f] + 0x103bcd0 0x78
@ ./shark3:[0x40327f] + 0x103bc50 0x78
@ ./shark3:[0x40327f] + 0x103bbd0 0x78
@ ./shark3:[0x40327f] + 0x103bb50 0x78
@ ./shark3:[0x40327f] + 0x103bad0 0x78
@ ./shark3:[0x40327f] + 0x103ba50 0x78
@ ./shark3:[0x40327f] + 0x103b9d0 0x78
@ ./shark3:[0x40327f] + 0x103b950 0x78
@ ./shark3:[0x40327f] + 0x1039810 0x78
@ ./shark3:[0x40327f] + 0x1039790 0x78
@ ./shark3:[0x40327f] + 0x1039710 0x78
@ ./shark3:[0x40327f] + 0x1039690 0x78
@ ./shark3:[0x40327f] + 0x1039610 0x78
@ ./shark3:[0x40327f] + 0x1039590 0x78
@ ./shark3:[0x40327f] + 0x1039510 0x78
@ ./shark3:[0x4031b9] - 0x103bf50
@ ./shark3:[0x4031b9] - 0x103bed0
@ ./shark3:[0x4031b9] - 0x103be50
@ ./shark3:[0x4031b9] - 0x103bdd0
@ ./shark3:[0x4031b9] - 0x103bd50
@ ./shark3:[0x4031b9] - 0x103bcd0
@ ./shark3:[0x4031b9] - 0x103bc50
@ ./shark3:[0x4031b9] - 0x103bbd0
@ ./shark3:[0x4031b9] - 0x103bb50
@ ./shark3:[0x4031b9] - 0x103bad0
@ ./shark3:[0x4031b9] - 0x103ba50
@ ./shark3:[0x4031b9] - 0x103b9d0
@ ./shark3:[0x4031b9] - 0x103b950
@ ./shark3:[0x4031b9] - 0x1039810
@ ./shark3:[0x4031b9] - 0x1039790
@ ./shark3:[0x4031b9] - 0x1039710
@ ./shark3:[0x4031b9] - 0x1039690
@ ./shark3:[0x4031b9] - 0x1039610
@ ./shark3:[0x4031b9] - 0x1039590
@ ./shark3:[0x4031b9] - 0x1039510
@ ./shark3:[0x4031d1] - 0x1039460
@ ./shark3:[0x403230] + 0x1039460 0xa0
@ ./shark3:[0x40327f] + 0x1039510 0x78
@ ./shark3:[0x40327f] + 0x1039590 0x78
@ ./shark3:[0x40327f] + 0x1039610 0x78
@ ./shark3:[0x40327f] + 0x1039690 0x78
@ ./shark3:[0x40327f] + 0x1039710 0x78
@ ./shark3:[0x40327f] + 0x1039790 0x78
@ ./shark3:[0x40327f] + 0x1039810 0x78
@ ./shark3:[0x40327f] + 0x103b950 0x78
@ ./shark3:[0x40327f] + 0x103b9d0 0x78
@ ./shark3:[0x40327f] + 0x103ba50 0x78
@ ./shark3:[0x40327f] + 0x103bad0 0x78
@ ./shark3:[0x40327f] + 0x103bb50 0x78
@ ./shark3:[0x40327f] + 0x103bbd0 0x78
@ ./shark3:[0x40327f] + 0x103bc50 0x78
@ ./shark3:[0x40327f] + 0x103bcd0 0x78
@ ./shark3:[0x40327f] + 0x103bd50 0x78
@ ./shark3:[0x40327f] + 0x103bdd0 0x78
@ ./shark3:[0x40327f] + 0x103be50 0x78
@ ./shark3:[0x40327f] + 0x103bed0 0x78
@ ./shark3:[0x40327f] + 0x103bf50 0x78
@ ./shark3:[0x4031b9] - 0x1039510
@ ./shark3:[0x4031b9] - 0x1039590
@ ./shark3:[0x4031b9] - 0x1039610
@ ./shark3:[0x4031b9] - 0x1039690
@ ./shark3:[0x4031b9] - 0x1039710
@ ./shark3:[0x4031b9] - 0x1039790
@ ./shark3:[0x4031b9] - 0x1039810
@ ./shark3:[0x4031b9] - 0x103b950
@ ./shark3:[0x4031b9] - 0x103b9d0
@ ./shark3:[0x4031b9] - 0x103ba50
@ ./shark3:[0x4031b9] - 0x103bad0
@ ./shark3:[0x4031b9] - 0x103bb50
@ ./shark3:[0x4031b9] - 0x103bbd0
@ ./shark3:[0x4031b9] - 0x103bc50
@ ./shark3:[0x4031b9] - 0x103bcd0
@ ./shark3:[0x4031b9] - 0x103bd50
@ ./shark3:[0x4031b9] - 0x103bdd0
@ ./shark3:[0x4031b9] - 0x103be50
@ ./shark3:[0x4031b9] - 0x103bed0
@ ./shark3:[0x4031b9] - 0x103bf50
@ ./shark3:[0x4031d1] - 0x1039460
@ ./shark3:[0x403230] + 0x1039460 0xa0
@ ./shark3:[0x40327f] + 0x103bf50 0x78
@ ./shark3:[0x40327f] + 0x103bed0 0x78
@ ./shark3:[0x40327f] + 0x103be50 0x78
@ ./shark3:[0x40327f] + 0x103bdd0 0x78
@ ./shark3:[0x40327f] + 0x103bd50 0x78
@ ./shark3:[0x40327f] + 0x103bcd0 0x78
@ ./shark3:[0x40327f] + 0x103bc50 0x78
@ ./shark3:[0x40327f] + 0x103bbd0 0x78
@ ./shark3:[0x40327f] + 0x103bb50 0x78
@ ./shark3:[0x40327f] + 0x103bad0 0x78
@ ./shark3:[0x40327f] + 0x103ba50 0x78
@ ./shark3:[0x40327f] + 0x103b9d0 0x78
@ ./shark3:[0x40327f] + 0x103b950 0x78
@ ./shark3:[0x40327f] + 0x1039810 0x78
@ ./shark3:[0x40327f] + 0x1039790 0x78
@ ./shark3:[0x40327f] + 0x1039710 0x78
@ ./shark3:[0x40327f] + 0x1039690 0x78
@ ./shark3:[0x40327f] + 0x1039610 0x78
@ ./shark3:[0x40327f] + 0x1039590 0x78
@ ./shark3:[0x40327f] + 0x1039510 0x78
@ ./shark3:[0x4031b9] - 0x103bf50
@ ./shark3:[0x4031b9] - 0x103bed0
@ ./shark3:[0x4031b9] - 0x103be50
@ ./shark3:[0x4031b9] - 0x103bdd0
@ ./shark3:[0x4031b9] - 0x103bd50
@ ./shark3:[0x4031b9] - 0x103bcd0
@ ./shark3:[0x4031b9] - 0x103bc50
@ ./shark3:[0x4031b9] - 0x103bbd0
@ ./shark3:[0x4031b9] - 0x103bb50
@ ./shark3:[0x4031b9] - 0x103bad0
@ ./shark3:[0x4031b9] - 0x103ba50
@ ./shark3:[0x4031b9] - 0x103b9d0
@ ./shark3:[0x4031b9] - 0x103b950
@ ./shark3:[0x4031b9] - 0x1039810
@ ./shark3:[0x4031b9] - 0x1039790
@ ./shark3:[0x4031b9] - 0x1039710
@ ./shark3:[0x4031b9] - 0x1039690
@ ./shark3:[0x4031b9] - 0x1039610
@ ./shark3:[0x4031b9] - 0x1039590
@ ./shark3:[0x4031b9] - 0x1039510
@ ./shark3:[0x4031d1] - 0x1039460
@ ./shark3:[0x403230] + 0x1039460 0xa0
@ ./shark3:[0x40327f] + 0x1039510 0x78
@ ./shark3:[0x40327f] + 0x1039590 0x78
@ ./shark3:[0x40327f] + 0x1039610 0x78
@ ./shark3:[0x40327f] + 0x1039690 0x78
@ ./shark3:[0x40327f] + 0x1039710 0x78
@ ./shark3:[0x40327f] + 0x1039790 0x78
@ ./shark3:[0x40327f] + 0x1039810 0x78
@ ./shark3:[0x40327f] + 0x103b950 0x78
@ ./shark3:[0x40327f] + 0x103b9d0 0x78
@ ./shark3:[0x40327f] + 0x103ba50 0x78
@ ./shark3:[0x40327f] + 0x103bad0 0x78
@ ./shark3:[0x40327f] + 0x103bb50 0x78
@ ./shark3:[0x40327f] + 0x103bbd0 0x78
@ ./shark3:[0x40327f] + 0x103bc50 0x78
@ ./shark3:[0x40327f] + 0x103bcd0 0x78
@ ./shark3:[0x40327f] + 0x103bd50 0x78
@ ./shark3:[0x40327f] + 0x103bdd0 0x78
@ ./shark3:[0x40327f] + 0x103be50 0x78
@ ./shark3:[0x40327f] + 0x103bed0 0x78
@ ./shark3:[0x40327f] + 0x103bf50 0x78
@ ./shark3:[0x4031b9] - 0x1039510
@ ./shark3:[0x4031b9] - 0x1039590
@ ./shark3:[0x4031b9] - 0x1039610
@ ./shark3:[0x4031b9] - 0x1039690
@ ./shark3:[0x4031b9] - 0x1039710
@ ./shark3:[0x4031b9] - 0x1039790
@ ./shark3:[0x4031b9] - 0x1039810
@ ./shark3:[0x4031b9] - 0x103b950
@ ./shark3:[0x4031b9] - 0x103b9d0
@ ./shark3:[0x4031b9] - 0x103ba50
@ ./shark3:[0x4031b9] - 0x103bad0
@ ./shark3:[0x4031b9] - 0x103bb50
@ ./shark3:[0x4031b9] - 0x103bbd0
@ ./shark3:[0x4031b9] - 0x103bc50
@ ./shark3:[0x4031b9] - 0x103bcd0
@ ./shark3:[0x4031b9] - 0x103bd50
@ ./shark3:[0x4031b9] - 0x103bdd0
@ ./shark3:[0x4031b9] - 0x103be50
@ ./shark3:[0x4031b9] - 0x103bed0
@ ./shark3:[0x4031b9] - 0x103bf50
@ ./shark3:[0x4031d1] - 0x1039460
@ ./shark3:[0x403230] + 0x1039460 0xa0
@ ./shark3:[0x40327f] + 0x103bf50 0x78
@ ./shark3:[0x40327f] + 0x103bed0 0x78
@ ./shark3:[0x40327f] + 0x103be50 0x78
@ ./shark3:[0x40327f] + 0x103bdd0 0x78
@ ./shark3:[0x40327f] + 0x103bd50 0x78
@ ./shark3:[0x40327f] + 0x103bcd0 0x78
@ ./shark3:[0x40327f] + 0x103bc50 0x78
@ ./shark3:[0x40327f] + 0x103bbd0 0x78
@ ./shark3:[0x40327f] + 0x103bb50 0x78
@ ./shark3:[0x40327f] + 0x103bad0 0x78
@ ./shark3:[0x40327f] + 0x103ba50 0x78
@ ./shark3:[0x40327f] + 0x103b9d0 0x78
@ ./shark3:[0x40327f] + 0x103b950 0x78
@ ./shark3:[0x40327f] + 0x1039810 0x78
@ ./shark3:[0x40327f] + 0x1039790 0x78
@ ./shark3:[0x40327f] + 0x1039710 0x78
@ ./shark3:[0x40327f] + 0x1039690 0x78
@ ./shark3:[0x40327f] + 0x1039610 0x78
@ ./shark3:[0x40327f] + 0x1039590 0x78
@ ./shark3:[0x40327f] + 0x1039510 0x78
@ ./shark3:[0x4031b9] - 0x103bf50
@ ./shark3:[0x4031b9] - 0x103bed0
@ ./shark3:[0x4031b9] - 0x103be50
@ ./shark3:[0x4031b9] - 0x103bdd0
@ ./shark3:[0x4031b9] - 0x103bd50
@ ./shark3:[0x4031b9] - 0x103bcd0
@ ./shark3:[0x4031b9] - 0x103bc50
@ ./shark3:[0x4031b9] - 0x103bbd0
@ ./shark3:[0x4031b9] - 0x103bb50
@ ./shark3:[0x4031b9] - 0x103bad0
@ ./shark3:[0x4031b9] - 0x103ba50
@ ./shark3:[0x4031b9] - 0x103b9d0
@ ./shark3:[0x4031b9] - 0x103b950
@ ./shark3:[0x4031b9] - 0x1039810
@ ./shark3:[0x4031b9] - 0x1039790
@ ./shark3:[0x4031b9] - 0x1039710
@ ./shark3:[0x4031b9] - 0x1039690
@ ./shark3:[0x4031b9] - 0x1039610
@ ./shark3:[0x4031b9] - 0x1039590
@ ./shark3:[0x4031b9] - 0x1039510
@ ./shark3:[0x4031d1] - 0x1039460
@ ./shark3:[0x4010f2] - 0x1039c50
@ ./shark3:[0x4010f2] - 0x1039dd0
@ ./shark3:[0x4010f2] - 0x1039f50
@ ./shark3:[0x4010f2] - 0x103a0d0
@ ./shark3:[0x4010f2] - 0x103a250
@ ./shark3:[0x4010f2] - 0x103a3d0
@ ./shark3:[0x4010f2] - 0x103a550
@ ./shark3:[0x4010f2] - 0x103a6d0
@ ./shark3:[0x4010f2] - 0x103a850
@ ./shark3:[0x4010f2] - 0x103a9d0
@ ./shark3:[0x4010f2] - 0x103ab50
@ ./shark3:[0x4010f2] - 0x103acd0
@ ./shark3:[0x4010f2] - 0x103ae50
@ ./shark3:[0x4010f2] - 0x103afd0
@ ./shark3:[0x4010f2] - 0x103b150
@ ./shark3:[0x4010f2] - 0x103b2d0
@ ./shark3:[0x4010f2] - 0x103b450
@ ./shark3:[0x4010f2] - 0x103b5d0
@ ./shark3:[0x4010f2] - 0x103b750
@ ./shark3:[0x4010f2] - 0x103b8d0
@ ./shark3:[0x401113] - 0x1039aa0
@ ./shark3:[0x40113c] - 0x1039bd0
@ ./shark3:[0x40113c] - 0x1039d50
@ ./shark3:[0x40113c] - 0x1039ed0
@ ./shark3:[0x40113c] - 0x103a050
@ ./shark3:[0x40113c] - 0x103a1d0
@ ./shark3:[0x40113c] - 0x103a350
@ ./shark3:[0x40113c] - 0x103a4d0
@ ./shark3:[0x40113c] - 0x103a650
@ ./shark3:[0x40113c] - 0x103a7d0
@ ./shark3:[0x40113c] - 0x103a950
@ ./shark3:[0x40113c] - 0x103aad0
@ ./shark3:[0x40113c] - 0x103ac50
@ ./shark3:[0x40113c] - 0x103add0
@ ./shark3:[0x40113c] - 0x103af50
@ ./shark3:[0x40113c] - 0x103b0d0
@ ./shark3:[0x40113c] - 0x103b250
@ ./shark3:[0x40113c] - 0x103b3d0
@ ./shark3:[0x40113c] - 0x103b550
@ ./shark3:[0x40113c] - 0x103b6d0
@ ./shark3:[0x40113c] - 0x103b850
@ ./shark3:[0x40115d] - 0x10399f0
@ ./shark3:[0x401186] - 0x1039b50
@ ./shark3:[0x401186] - 0x1039cd0
@ ./shark3:[0x401186] - 0x1039e50
@ ./shark3:[0x401186] - 0x1039fd0
@ ./shark3:[0x401186] - 0x103a150
@ ./shark3:[0x401186] - 0x103a2d0
@ ./shark3:[0x401186] - 0x103a450
@ ./shark3:[0x401186] - 0x103a5d0
@ ./shark3:[0x401186] - 0x103a750
@ ./shark3:[0x401186] - 0x103a8d0
@ ./shark3:[0x401186] - 0x103aa50
@ ./shark3:[0x401186] - 0x103abd0
@ ./shark3:[0x401186] - 0x103ad50
@ ./shark3:[0x401186] - 0x103aed0
@ ./shark3:[0x401186] - 0x103b050
@ ./shark3:[0x401186] - 0x103b1d0
@ ./shark3:[0x401186] - 0x103b350
@ ./shark3:[0x401186] - 0x103b4d0
@ ./shark3:[0x401186] - 0x103b650
@ ./shark3:[0x401186] - 0x103b7d0
@ ./shark3:[0x4011a7] - 0x1039940
@ ./shark3:[0x4011b3] - 0x1039910
@ ./shark3:[0x401931] - 0x10398e0
= End
